<?xml version="1.0" encoding="UTF-8"?>
<!-- Generated by org.testng.reporters.JUnitReportReporter -->
<testsuite hostname="Jeet" failures="0" tests="1" name="testCases.TC001_AccontRegistrationTest$BaseClass" time="4.805" errors="0" timestamp="2025-06-28T13:18:00 IST" skipped="0">
  <testcase classname="testCases.TC001_AccontRegistrationTest$BaseClass" name="verify_Account_Registratio" time="4.805"/>
</testsuite> <!-- testCases.TC001_AccontRegistrationTest$BaseClass -->
