<?xml version="1.0" encoding="UTF-8"?>
<!-- Generated by org.testng.reporters.JUnitReportReporter -->
<testsuite hostname="Jeet" failures="0" tests="1" name="testCases.TC002_LoginTest" time="6.374" errors="0" timestamp="2025-08-08T11:57:10 IST" skipped="0">
  <testcase classname="testCases.TC002_LoginTest" name="varifyLogin" time="6.374"/>
</testsuite> <!-- testCases.TC002_LoginTest -->
