<?xml version="1.0" encoding="UTF-8"?>
<!-- Generated by org.testng.reporters.JUnitReportReporter -->
<testsuite hostname="Jeet" failures="0" tests="1" name="testCases.TC002_LoginTest" time="5.777" errors="0" timestamp="2025-08-08T14:27:04 IST" skipped="0">
  <testcase classname="testCases.TC002_LoginTest" name="varifyLogin" time="5.777"/>
</testsuite> <!-- testCases.TC002_LoginTest -->
