<?xml version="1.0" encoding="UTF-8"?>
<!-- Generated by org.testng.reporters.JUnitReportReporter -->
<testsuite hostname="Jeet" failures="0" tests="1" name="testCases.TC001_AccontRegistrationTest" time="2.261" errors="0" timestamp="2025-08-08T14:27:04 IST" skipped="0">
  <testcase classname="testCases.TC001_AccontRegistrationTest" name="verify_Account_Registratio" time="2.261"/>
</testsuite> <!-- testCases.TC001_AccontRegistrationTest -->
